{"C:\\Users\\91701\\Desktop\\NamasteReact\\src\\RestaurantCard.js": {"path":"C:\\Users\\91701\\Desktop\\NamasteReact\\src\\RestaurantCard.js","statementMap":{"0":{"start":{"line":4,"column":16},"end":{"line":6,"column":1}},"1":{"start":{"line":8,"column":22},"end":{"line":41,"column":1}},"2":{"start":{"line":10,"column":19},"end":{"line":10,"column":24}},"3":{"start":{"line":12,"column":4},"end":{"line":12,"column":25}},"4":{"start":{"line":22,"column":6},"end":{"line":22,"column":19}},"5":{"start":{"line":24,"column":4},"end":{"line":40,"column":5}},"6":{"start":{"line":45,"column":32},"end":{"line":58,"column":1}},"7":{"start":{"line":47,"column":3},"end":{"line":55,"column":4}},"8":{"start":{"line":49,"column":4},"end":{"line":54,"column":5}}},"fnMap":{"0":{"name":"(anonymous_0)","decl":{"start":{"line":8,"column":22},"end":{"line":8,"column":23}},"loc":{"start":{"line":8,"column":31},"end":{"line":41,"column":1}},"line":8},"1":{"name":"(anonymous_1)","decl":{"start":{"line":45,"column":32},"end":{"line":45,"column":33}},"loc":{"start":{"line":45,"column":50},"end":{"line":58,"column":1}},"line":45},"2":{"name":"(anonymous_2)","decl":{"start":{"line":47,"column":9},"end":{"line":47,"column":10}},"loc":{"start":{"line":47,"column":18},"end":{"line":55,"column":4}},"line":47}},"branchMap":{},"s":{"0":2,"1":2,"2":1,"3":1,"4":1,"5":1,"6":2,"7":0,"8":0},"f":{"0":1,"1":0,"2":0},"b":{},"_coverageSchema":"1a1c01bbd47fc00a2c39e90264f33305004495a9","hash":"c9c7d5cb0115bb0b16a6b0254cb6084e49c325bf"}
,"C:\\Users\\91701\\Desktop\\NamasteReact\\src\\sum.js": {"path":"C:\\Users\\91701\\Desktop\\NamasteReact\\src\\sum.js","statementMap":{"0":{"start":{"line":1,"column":17},"end":{"line":3,"column":1}},"1":{"start":{"line":2,"column":4},"end":{"line":2,"column":15}}},"fnMap":{"0":{"name":"(anonymous_0)","decl":{"start":{"line":1,"column":17},"end":{"line":1,"column":18}},"loc":{"start":{"line":1,"column":24},"end":{"line":3,"column":1}},"line":1}},"branchMap":{},"s":{"0":1,"1":1},"f":{"0":1},"b":{},"_coverageSchema":"1a1c01bbd47fc00a2c39e90264f33305004495a9","hash":"3113655424b1bc45e03a3410ba039791a44e34d3"}
,"C:\\Users\\91701\\Desktop\\NamasteReact\\src\\components\\Body.js": {"path":"C:\\Users\\91701\\Desktop\\NamasteReact\\src\\components\\Body.js","statementMap":{"0":{"start":{"line":9,"column":13},"end":{"line":135,"column":1}},"1":{"start":{"line":11,"column":17},"end":{"line":11,"column":34}},"2":{"start":{"line":14,"column":51},"end":{"line":14,"column":63}},"3":{"start":{"line":15,"column":35},"end":{"line":15,"column":47}},"4":{"start":{"line":17,"column":53},"end":{"line":17,"column":65}},"5":{"start":{"line":19,"column":32},"end":{"line":19,"column":65}},"6":{"start":{"line":22,"column":6},"end":{"line":24,"column":12}},"7":{"start":{"line":23,"column":8},"end":{"line":23,"column":20}},"8":{"start":{"line":26,"column":23},"end":{"line":43,"column":5}},"9":{"start":{"line":28,"column":21},"end":{"line":30,"column":9}},"10":{"start":{"line":35,"column":19},"end":{"line":35,"column":36}},"11":{"start":{"line":37,"column":4},"end":{"line":37,"column":100}},"12":{"start":{"line":38,"column":4},"end":{"line":38,"column":44}},"13":{"start":{"line":41,"column":8},"end":{"line":41,"column":25}},"14":{"start":{"line":47,"column":8},"end":{"line":47,"column":56}},"15":{"start":{"line":47,"column":26},"end":{"line":47,"column":56}},"16":{"start":{"line":50,"column":4},"end":{"line":55,"column":5}},"17":{"start":{"line":52,"column":8},"end":{"line":54,"column":9}},"18":{"start":{"line":60,"column":4},"end":{"line":133,"column":5}},"19":{"start":{"line":71,"column":18},"end":{"line":71,"column":48}},"20":{"start":{"line":79,"column":47},"end":{"line":79,"column":142}},"21":{"start":{"line":79,"column":79},"end":{"line":79,"column":141}},"22":{"start":{"line":81,"column":17},"end":{"line":81,"column":58}},"23":{"start":{"line":95,"column":43},"end":{"line":97,"column":25}},"24":{"start":{"line":96,"column":35},"end":{"line":96,"column":55}},"25":{"start":{"line":99,"column":24},"end":{"line":99,"column":58}},"26":{"start":{"line":115,"column":20},"end":{"line":124,"column":27}}},"fnMap":{"0":{"name":"(anonymous_0)","decl":{"start":{"line":9,"column":13},"end":{"line":9,"column":14}},"loc":{"start":{"line":9,"column":19},"end":{"line":135,"column":1}},"line":9},"1":{"name":"(anonymous_1)","decl":{"start":{"line":22,"column":16},"end":{"line":22,"column":17}},"loc":{"start":{"line":22,"column":20},"end":{"line":24,"column":7}},"line":22},"2":{"name":"(anonymous_2)","decl":{"start":{"line":26,"column":23},"end":{"line":26,"column":24}},"loc":{"start":{"line":26,"column":35},"end":{"line":43,"column":5}},"line":26},"3":{"name":"(anonymous_3)","decl":{"start":{"line":69,"column":27},"end":{"line":69,"column":28}},"loc":{"start":{"line":69,"column":32},"end":{"line":72,"column":18}},"line":69},"4":{"name":"(anonymous_4)","decl":{"start":{"line":76,"column":95},"end":{"line":76,"column":96}},"loc":{"start":{"line":76,"column":99},"end":{"line":84,"column":17}},"line":76},"5":{"name":"(anonymous_5)","decl":{"start":{"line":79,"column":72},"end":{"line":79,"column":73}},"loc":{"start":{"line":79,"column":79},"end":{"line":79,"column":141}},"line":79},"6":{"name":"(anonymous_6)","decl":{"start":{"line":93,"column":25},"end":{"line":93,"column":26}},"loc":{"start":{"line":94,"column":20},"end":{"line":102,"column":21}},"line":94},"7":{"name":"(anonymous_7)","decl":{"start":{"line":96,"column":28},"end":{"line":96,"column":29}},"loc":{"start":{"line":96,"column":35},"end":{"line":96,"column":55}},"line":96},"8":{"name":"(anonymous_8)","decl":{"start":{"line":114,"column":38},"end":{"line":114,"column":39}},"loc":{"start":{"line":115,"column":20},"end":{"line":124,"column":27}},"line":115}},"branchMap":{"0":{"loc":{"start":{"line":47,"column":8},"end":{"line":47,"column":56}},"type":"if","locations":[{"start":{"line":47,"column":8},"end":{"line":47,"column":56}},{"start":{},"end":{}}],"line":47},"1":{"loc":{"start":{"line":50,"column":4},"end":{"line":55,"column":5}},"type":"if","locations":[{"start":{"line":50,"column":4},"end":{"line":55,"column":5}},{"start":{},"end":{}}],"line":50}},"s":{"0":1,"1":0,"2":0,"3":0,"4":0,"5":0,"6":0,"7":0,"8":0,"9":0,"10":0,"11":0,"12":0,"13":0,"14":0,"15":0,"16":0,"17":0,"18":0,"19":0,"20":0,"21":0,"22":0,"23":0,"24":0,"25":0,"26":0},"f":{"0":0,"1":0,"2":0,"3":0,"4":0,"5":0,"6":0,"7":0,"8":0},"b":{"0":[0,0],"1":[0,0]},"_coverageSchema":"1a1c01bbd47fc00a2c39e90264f33305004495a9","hash":"5d363790705107a30ae7e9242f93ac5690633307"}
,"C:\\Users\\91701\\Desktop\\NamasteReact\\src\\components\\Cart.js": {"path":"C:\\Users\\91701\\Desktop\\NamasteReact\\src\\components\\Cart.js","statementMap":{"0":{"start":{"line":6,"column":12},"end":{"line":34,"column":1}},"1":{"start":{"line":15,"column":18},"end":{"line":15,"column":31}},"2":{"start":{"line":17,"column":24},"end":{"line":20,"column":3}},"3":{"start":{"line":18,"column":4},"end":{"line":18,"column":26}},"4":{"start":{"line":21,"column":2},"end":{"line":33,"column":3}}},"fnMap":{"0":{"name":"(anonymous_0)","decl":{"start":{"line":6,"column":12},"end":{"line":6,"column":13}},"loc":{"start":{"line":6,"column":17},"end":{"line":34,"column":1}},"line":6},"1":{"name":"(anonymous_1)","decl":{"start":{"line":17,"column":24},"end":{"line":17,"column":25}},"loc":{"start":{"line":17,"column":28},"end":{"line":20,"column":3}},"line":17}},"branchMap":{"0":{"loc":{"start":{"line":28,"column":9},"end":{"line":28,"column":76}},"type":"binary-expr","locations":[{"start":{"line":28,"column":9},"end":{"line":28,"column":28}},{"start":{"line":28,"column":31},"end":{"line":28,"column":76}}],"line":28}},"s":{"0":1,"1":0,"2":0,"3":0,"4":0},"f":{"0":0,"1":0},"b":{"0":[0,0]},"_coverageSchema":"1a1c01bbd47fc00a2c39e90264f33305004495a9","hash":"144d6edc72124bf0fae1cc07edf1a30552adb82a"}
,"C:\\Users\\91701\\Desktop\\NamasteReact\\src\\components\\Contact.js": {"path":"C:\\Users\\91701\\Desktop\\NamasteReact\\src\\components\\Contact.js","statementMap":{"0":{"start":{"line":3,"column":14},"end":{"line":19,"column":1}},"1":{"start":{"line":5,"column":4},"end":{"line":18,"column":5}}},"fnMap":{"0":{"name":"(anonymous_0)","decl":{"start":{"line":3,"column":14},"end":{"line":3,"column":15}},"loc":{"start":{"line":3,"column":18},"end":{"line":19,"column":1}},"line":3}},"branchMap":{},"s":{"0":1,"1":2},"f":{"0":2},"b":{},"_coverageSchema":"1a1c01bbd47fc00a2c39e90264f33305004495a9","hash":"3603d6fb2bf48710db600b511096ec2796583f3b"}
,"C:\\Users\\91701\\Desktop\\NamasteReact\\src\\components\\Header.js": {"path":"C:\\Users\\91701\\Desktop\\NamasteReact\\src\\components\\Header.js","statementMap":{"0":{"start":{"line":11,"column":13},"end":{"line":68,"column":1}},"1":{"start":{"line":14,"column":40},"end":{"line":14,"column":57}},"2":{"start":{"line":17,"column":17},"end":{"line":17,"column":34}},"3":{"start":{"line":21,"column":19},"end":{"line":21,"column":57}},"4":{"start":{"line":21,"column":40},"end":{"line":21,"column":56}},"5":{"start":{"line":23,"column":24},"end":{"line":23,"column":47}},"6":{"start":{"line":25,"column":4},"end":{"line":67,"column":5}},"7":{"start":{"line":51,"column":24},"end":{"line":53,"column":49}}},"fnMap":{"0":{"name":"(anonymous_0)","decl":{"start":{"line":11,"column":13},"end":{"line":11,"column":14}},"loc":{"start":{"line":11,"column":17},"end":{"line":68,"column":1}},"line":11},"1":{"name":"(anonymous_1)","decl":{"start":{"line":21,"column":31},"end":{"line":21,"column":32}},"loc":{"start":{"line":21,"column":40},"end":{"line":21,"column":56}},"line":21},"2":{"name":"(anonymous_2)","decl":{"start":{"line":50,"column":20},"end":{"line":50,"column":21}},"loc":{"start":{"line":50,"column":24},"end":{"line":54,"column":21}},"line":50}},"branchMap":{"0":{"loc":{"start":{"line":32,"column":72},"end":{"line":32,"column":89}},"type":"cond-expr","locations":[{"start":{"line":32,"column":80},"end":{"line":32,"column":85}},{"start":{"line":32,"column":86},"end":{"line":32,"column":89}}],"line":32},"1":{"loc":{"start":{"line":51,"column":24},"end":{"line":53,"column":49}},"type":"cond-expr","locations":[{"start":{"line":52,"column":26},"end":{"line":52,"column":51}},{"start":{"line":53,"column":25},"end":{"line":53,"column":49}}],"line":51}},"s":{"0":1,"1":1,"2":1,"3":1,"4":2,"5":1,"6":1,"7":0},"f":{"0":1,"1":2,"2":0},"b":{"0":[1,0],"1":[0,0]},"_coverageSchema":"1a1c01bbd47fc00a2c39e90264f33305004495a9","hash":"7f457eb47480f071e3340f15c71c5c2b027a00af"}
,"C:\\Users\\91701\\Desktop\\NamasteReact\\src\\components\\ItemList.js": {"path":"C:\\Users\\91701\\Desktop\\NamasteReact\\src\\components\\ItemList.js","statementMap":{"0":{"start":{"line":5,"column":15},"end":{"line":58,"column":1}},"1":{"start":{"line":7,"column":19},"end":{"line":7,"column":32}},"2":{"start":{"line":9,"column":24},"end":{"line":18,"column":5}},"3":{"start":{"line":12,"column":8},"end":{"line":12,"column":32}},"4":{"start":{"line":21,"column":4},"end":{"line":55,"column":5}},"5":{"start":{"line":26,"column":24},"end":{"line":48,"column":30}},"6":{"start":{"line":40,"column":108},"end":{"line":40,"column":127}}},"fnMap":{"0":{"name":"(anonymous_0)","decl":{"start":{"line":5,"column":15},"end":{"line":5,"column":16}},"loc":{"start":{"line":5,"column":24},"end":{"line":58,"column":1}},"line":5},"1":{"name":"(anonymous_1)","decl":{"start":{"line":9,"column":24},"end":{"line":9,"column":25}},"loc":{"start":{"line":9,"column":32},"end":{"line":18,"column":5}},"line":9},"2":{"name":"(anonymous_2)","decl":{"start":{"line":25,"column":36},"end":{"line":25,"column":37}},"loc":{"start":{"line":26,"column":24},"end":{"line":48,"column":30}},"line":26},"3":{"name":"(anonymous_3)","decl":{"start":{"line":40,"column":104},"end":{"line":40,"column":105}},"loc":{"start":{"line":40,"column":108},"end":{"line":40,"column":127}},"line":40}},"branchMap":{"0":{"loc":{"start":{"line":32,"column":36},"end":{"line":32,"column":109}},"type":"cond-expr","locations":[{"start":{"line":32,"column":57},"end":{"line":32,"column":81}},{"start":{"line":32,"column":82},"end":{"line":32,"column":109}}],"line":32}},"s":{"0":2,"1":0,"2":0,"3":0,"4":0,"5":0,"6":0},"f":{"0":0,"1":0,"2":0,"3":0},"b":{"0":[0,0]},"_coverageSchema":"1a1c01bbd47fc00a2c39e90264f33305004495a9","hash":"0464efe7a8504ecfbe6fd56eb727d88c646ed64c"}
,"C:\\Users\\91701\\Desktop\\NamasteReact\\src\\components\\RestaurantCategory.js": {"path":"C:\\Users\\91701\\Desktop\\NamasteReact\\src\\components\\RestaurantCategory.js","statementMap":{"0":{"start":{"line":9,"column":26},"end":{"line":36,"column":1}},"1":{"start":{"line":11,"column":20},"end":{"line":13,"column":3}},"2":{"start":{"line":12,"column":4},"end":{"line":12,"column":19}},"3":{"start":{"line":15,"column":2},"end":{"line":34,"column":3}}},"fnMap":{"0":{"name":"(anonymous_0)","decl":{"start":{"line":9,"column":26},"end":{"line":9,"column":27}},"loc":{"start":{"line":9,"column":59},"end":{"line":36,"column":1}},"line":9},"1":{"name":"(anonymous_1)","decl":{"start":{"line":11,"column":20},"end":{"line":11,"column":21}},"loc":{"start":{"line":11,"column":24},"end":{"line":13,"column":3}},"line":11}},"branchMap":{"0":{"loc":{"start":{"line":27,"column":12},"end":{"line":27,"column":67}},"type":"binary-expr","locations":[{"start":{"line":27,"column":12},"end":{"line":27,"column":21}},{"start":{"line":27,"column":23},"end":{"line":27,"column":67}}],"line":27}},"s":{"0":1,"1":0,"2":0,"3":0},"f":{"0":0,"1":0},"b":{"0":[0,0]},"_coverageSchema":"1a1c01bbd47fc00a2c39e90264f33305004495a9","hash":"498ec4c43f52be676928167eba66346f74f2aa6f"}
,"C:\\Users\\91701\\Desktop\\NamasteReact\\src\\components\\RestaurantMenu.js": {"path":"C:\\Users\\91701\\Desktop\\NamasteReact\\src\\components\\RestaurantMenu.js","statementMap":{"0":{"start":{"line":10,"column":33},"end":{"line":10,"column":48}},"1":{"start":{"line":11,"column":34},"end":{"line":11,"column":48}},"2":{"start":{"line":18,"column":21},"end":{"line":18,"column":32}},"3":{"start":{"line":20,"column":22},"end":{"line":20,"column":45}},"4":{"start":{"line":22,"column":6},"end":{"line":22,"column":26}},"5":{"start":{"line":24,"column":5},"end":{"line":24,"column":44}},"6":{"start":{"line":24,"column":26},"end":{"line":24,"column":44}},"7":{"start":{"line":26,"column":50},"end":{"line":26,"column":85}},"8":{"start":{"line":27,"column":27},"end":{"line":27,"column":102}},"9":{"start":{"line":30,"column":4},"end":{"line":30,"column":78}},"10":{"start":{"line":31,"column":4},"end":{"line":31,"column":35}},"11":{"start":{"line":33,"column":22},"end":{"line":36,"column":6}},"12":{"start":{"line":34,"column":11},"end":{"line":35,"column":68}},"13":{"start":{"line":38,"column":3},"end":{"line":38,"column":27}},"14":{"start":{"line":41,"column":4},"end":{"line":61,"column":6}},"15":{"start":{"line":50,"column":9},"end":{"line":54,"column":32}},"16":{"start":{"line":53,"column":30},"end":{"line":53,"column":49}}},"fnMap":{"0":{"name":"RestaurantMenu","decl":{"start":{"line":8,"column":13},"end":{"line":8,"column":27}},"loc":{"start":{"line":8,"column":30},"end":{"line":63,"column":5}},"line":8},"1":{"name":"(anonymous_1)","decl":{"start":{"line":34,"column":6},"end":{"line":34,"column":7}},"loc":{"start":{"line":34,"column":11},"end":{"line":35,"column":68}},"line":34},"2":{"name":"(anonymous_2)","decl":{"start":{"line":48,"column":23},"end":{"line":48,"column":24}},"loc":{"start":{"line":48,"column":41},"end":{"line":56,"column":9}},"line":48},"3":{"name":"(anonymous_3)","decl":{"start":{"line":53,"column":24},"end":{"line":53,"column":25}},"loc":{"start":{"line":53,"column":30},"end":{"line":53,"column":49}},"line":53}},"branchMap":{"0":{"loc":{"start":{"line":24,"column":5},"end":{"line":24,"column":44}},"type":"if","locations":[{"start":{"line":24,"column":5},"end":{"line":24,"column":44}},{"start":{},"end":{}}],"line":24},"1":{"loc":{"start":{"line":52,"column":21},"end":{"line":52,"column":48}},"type":"cond-expr","locations":[{"start":{"line":52,"column":38},"end":{"line":52,"column":42}},{"start":{"line":52,"column":43},"end":{"line":52,"column":48}}],"line":52}},"s":{"0":1,"1":1,"2":1,"3":1,"4":1,"5":1,"6":1,"7":0,"8":0,"9":0,"10":0,"11":0,"12":0,"13":0,"14":0,"15":0,"16":0},"f":{"0":1,"1":0,"2":0,"3":0},"b":{"0":[1,0],"1":[0,0]},"_coverageSchema":"1a1c01bbd47fc00a2c39e90264f33305004495a9","hash":"bef10025a9f6daa11f0993772d5f9aa5a9491875"}
,"C:\\Users\\91701\\Desktop\\NamasteReact\\src\\components\\Shimmer.js": {"path":"C:\\Users\\91701\\Desktop\\NamasteReact\\src\\components\\Shimmer.js","statementMap":{"0":{"start":{"line":3,"column":15},"end":{"line":30,"column":5}},"1":{"start":{"line":5,"column":4},"end":{"line":28,"column":6}}},"fnMap":{"0":{"name":"(anonymous_0)","decl":{"start":{"line":3,"column":15},"end":{"line":3,"column":16}},"loc":{"start":{"line":3,"column":19},"end":{"line":30,"column":5}},"line":3}},"branchMap":{},"s":{"0":2,"1":1},"f":{"0":1},"b":{},"_coverageSchema":"1a1c01bbd47fc00a2c39e90264f33305004495a9","hash":"10e7d06cd88cb0e2799b13a80e10bb6075fee483"}
,"C:\\Users\\91701\\Desktop\\NamasteReact\\src\\utlis\\Usercontext.js": {"path":"C:\\Users\\91701\\Desktop\\NamasteReact\\src\\utlis\\Usercontext.js","statementMap":{"0":{"start":{"line":4,"column":18},"end":{"line":6,"column":2}}},"fnMap":{},"branchMap":{},"s":{"0":1},"f":{},"b":{},"_coverageSchema":"1a1c01bbd47fc00a2c39e90264f33305004495a9","hash":"68f0087d2163dcf495b46ce5412ad9465bdb6ca4"}
,"C:\\Users\\91701\\Desktop\\NamasteReact\\src\\utlis\\appStore.js": {"path":"C:\\Users\\91701\\Desktop\\NamasteReact\\src\\utlis\\appStore.js","statementMap":{"0":{"start":{"line":5,"column":15},"end":{"line":14,"column":1}}},"fnMap":{},"branchMap":{},"s":{"0":1},"f":{},"b":{},"_coverageSchema":"1a1c01bbd47fc00a2c39e90264f33305004495a9","hash":"213aea2635aa036cd4b177b5294e0f05f1d3ff08"}
,"C:\\Users\\91701\\Desktop\\NamasteReact\\src\\utlis\\cartSlice.js": {"path":"C:\\Users\\91701\\Desktop\\NamasteReact\\src\\utlis\\cartSlice.js","statementMap":{"0":{"start":{"line":4,"column":16},"end":{"line":24,"column":2}},"1":{"start":{"line":12,"column":8},"end":{"line":12,"column":41}},"2":{"start":{"line":17,"column":9},"end":{"line":17,"column":27}},"3":{"start":{"line":21,"column":8},"end":{"line":21,"column":29}},"4":{"start":{"line":26,"column":44},"end":{"line":26,"column":61}}},"fnMap":{"0":{"name":"(anonymous_0)","decl":{"start":{"line":10,"column":15},"end":{"line":10,"column":16}},"loc":{"start":{"line":10,"column":31},"end":{"line":14,"column":8}},"line":10},"1":{"name":"(anonymous_1)","decl":{"start":{"line":16,"column":18},"end":{"line":16,"column":19}},"loc":{"start":{"line":16,"column":27},"end":{"line":18,"column":8}},"line":16},"2":{"name":"(anonymous_2)","decl":{"start":{"line":20,"column":17},"end":{"line":20,"column":18}},"loc":{"start":{"line":20,"column":26},"end":{"line":22,"column":8}},"line":20}},"branchMap":{},"s":{"0":2,"1":0,"2":0,"3":0,"4":2},"f":{"0":0,"1":0,"2":0},"b":{},"_coverageSchema":"1a1c01bbd47fc00a2c39e90264f33305004495a9","hash":"1114c3297b24d00c325ec1914a00500102f9fedf"}
,"C:\\Users\\91701\\Desktop\\NamasteReact\\src\\utlis\\contants.js": {"path":"C:\\Users\\91701\\Desktop\\NamasteReact\\src\\utlis\\contants.js","statementMap":{"0":{"start":{"line":1,"column":22},"end":{"line":1,"column":113}},"1":{"start":{"line":4,"column":23},"end":{"line":4,"column":130}},"2":{"start":{"line":8,"column":23},"end":{"line":8,"column":160}}},"fnMap":{},"branchMap":{},"s":{"0":4,"1":4,"2":4},"f":{},"b":{},"_coverageSchema":"1a1c01bbd47fc00a2c39e90264f33305004495a9","hash":"48cbe8785f26731f5993e6080c48b953249cad63"}
,"C:\\Users\\91701\\Desktop\\NamasteReact\\src\\utlis\\useOnlineStatus.js": {"path":"C:\\Users\\91701\\Desktop\\NamasteReact\\src\\utlis\\useOnlineStatus.js","statementMap":{"0":{"start":{"line":4,"column":23},"end":{"line":25,"column":1}},"1":{"start":{"line":7,"column":27},"end":{"line":7,"column":41}},"2":{"start":{"line":10,"column":3},"end":{"line":20,"column":5}},"3":{"start":{"line":12,"column":4},"end":{"line":14,"column":13}},"4":{"start":{"line":13,"column":7},"end":{"line":13,"column":23}},"5":{"start":{"line":16,"column":4},"end":{"line":18,"column":18}},"6":{"start":{"line":17,"column":12},"end":{"line":17,"column":29}},"7":{"start":{"line":24,"column":4},"end":{"line":24,"column":19}}},"fnMap":{"0":{"name":"(anonymous_0)","decl":{"start":{"line":4,"column":23},"end":{"line":4,"column":24}},"loc":{"start":{"line":4,"column":28},"end":{"line":25,"column":1}},"line":4},"1":{"name":"(anonymous_1)","decl":{"start":{"line":10,"column":13},"end":{"line":10,"column":14}},"loc":{"start":{"line":10,"column":17},"end":{"line":20,"column":1}},"line":10},"2":{"name":"(anonymous_2)","decl":{"start":{"line":12,"column":37},"end":{"line":12,"column":38}},"loc":{"start":{"line":12,"column":41},"end":{"line":14,"column":12}},"line":12},"3":{"name":"(anonymous_3)","decl":{"start":{"line":16,"column":38},"end":{"line":16,"column":39}},"loc":{"start":{"line":16,"column":42},"end":{"line":18,"column":17}},"line":16}},"branchMap":{},"s":{"0":2,"1":1,"2":1,"3":1,"4":0,"5":1,"6":0,"7":1},"f":{"0":1,"1":1,"2":0,"3":0},"b":{},"_coverageSchema":"1a1c01bbd47fc00a2c39e90264f33305004495a9","hash":"58bc2cd5ff6284cda15dec7547764ef863adbf7f"}
,"C:\\Users\\91701\\Desktop\\NamasteReact\\src\\utlis\\useRestrauntMenu.js": {"path":"C:\\Users\\91701\\Desktop\\NamasteReact\\src\\utlis\\useRestrauntMenu.js","statementMap":{"0":{"start":{"line":5,"column":23},"end":{"line":23,"column":1}},"1":{"start":{"line":7,"column":31},"end":{"line":7,"column":45}},"2":{"start":{"line":10,"column":1},"end":{"line":12,"column":6}},"3":{"start":{"line":11,"column":4},"end":{"line":11,"column":16}},"4":{"start":{"line":14,"column":19},"end":{"line":20,"column":2}},"5":{"start":{"line":15,"column":15},"end":{"line":15,"column":42}},"6":{"start":{"line":16,"column":15},"end":{"line":16,"column":32}},"7":{"start":{"line":17,"column":4},"end":{"line":17,"column":26}},"8":{"start":{"line":22,"column":4},"end":{"line":22,"column":19}}},"fnMap":{"0":{"name":"(anonymous_0)","decl":{"start":{"line":5,"column":23},"end":{"line":5,"column":24}},"loc":{"start":{"line":5,"column":33},"end":{"line":23,"column":1}},"line":5},"1":{"name":"(anonymous_1)","decl":{"start":{"line":10,"column":11},"end":{"line":10,"column":12}},"loc":{"start":{"line":10,"column":15},"end":{"line":12,"column":2}},"line":10},"2":{"name":"(anonymous_2)","decl":{"start":{"line":14,"column":19},"end":{"line":14,"column":20}},"loc":{"start":{"line":14,"column":31},"end":{"line":20,"column":2}},"line":14}},"branchMap":{},"s":{"0":1,"1":1,"2":1,"3":1,"4":1,"5":1,"6":1,"7":0,"8":1},"f":{"0":1,"1":1,"2":1},"b":{},"_coverageSchema":"1a1c01bbd47fc00a2c39e90264f33305004495a9","hash":"079e162334f3ae263ac38b8e14a55681de8606f6"}
}
