TN:
SF:src\RestaurantCard.js
FN:8,(anonymous_0)
FN:45,(anonymous_1)
FN:47,(anonymous_2)
FNF:3
FNH:1
FNDA:1,(anonymous_0)
FNDA:0,(anonymous_1)
FNDA:0,(anonymous_2)
DA:4,2
DA:8,2
DA:10,1
DA:12,1
DA:22,1
DA:24,1
DA:45,2
DA:47,0
DA:49,0
LF:9
LH:7
BRF:0
BRH:0
end_of_record
TN:
SF:src\sum.js
FN:1,(anonymous_0)
FNF:1
FNH:1
FNDA:1,(anonymous_0)
DA:1,1
DA:2,1
LF:2
LH:2
BRF:0
BRH:0
end_of_record
TN:
SF:src\components\Body.js
FN:9,(anonymous_0)
FN:22,(anonymous_1)
FN:26,(anonymous_2)
FN:69,(anonymous_3)
FN:76,(anonymous_4)
FN:79,(anonymous_5)
FN:93,(anonymous_6)
FN:96,(anonymous_7)
FN:114,(anonymous_8)
FNF:9
FNH:0
FNDA:0,(anonymous_0)
FNDA:0,(anonymous_1)
FNDA:0,(anonymous_2)
FNDA:0,(anonymous_3)
FNDA:0,(anonymous_4)
FNDA:0,(anonymous_5)
FNDA:0,(anonymous_6)
FNDA:0,(anonymous_7)
FNDA:0,(anonymous_8)
DA:9,1
DA:11,0
DA:14,0
DA:15,0
DA:17,0
DA:19,0
DA:22,0
DA:23,0
DA:26,0
DA:28,0
DA:35,0
DA:37,0
DA:38,0
DA:41,0
DA:47,0
DA:50,0
DA:52,0
DA:60,0
DA:71,0
DA:79,0
DA:81,0
DA:95,0
DA:96,0
DA:99,0
DA:115,0
LF:25
LH:1
BRDA:47,0,0,0
BRDA:47,0,1,0
BRDA:50,1,0,0
BRDA:50,1,1,0
BRF:4
BRH:0
end_of_record
TN:
SF:src\components\Cart.js
FN:6,(anonymous_0)
FN:17,(anonymous_1)
FNF:2
FNH:0
FNDA:0,(anonymous_0)
FNDA:0,(anonymous_1)
DA:6,1
DA:15,0
DA:17,0
DA:18,0
DA:21,0
LF:5
LH:1
BRDA:28,0,0,0
BRDA:28,0,1,0
BRF:2
BRH:0
end_of_record
TN:
SF:src\components\Contact.js
FN:3,(anonymous_0)
FNF:1
FNH:1
FNDA:2,(anonymous_0)
DA:3,1
DA:5,2
LF:2
LH:2
BRF:0
BRH:0
end_of_record
TN:
SF:src\components\Header.js
FN:11,(anonymous_0)
FN:21,(anonymous_1)
FN:50,(anonymous_2)
FNF:3
FNH:2
FNDA:1,(anonymous_0)
FNDA:2,(anonymous_1)
FNDA:0,(anonymous_2)
DA:11,1
DA:14,1
DA:17,1
DA:21,2
DA:23,1
DA:25,1
DA:51,0
LF:7
LH:6
BRDA:32,0,0,1
BRDA:32,0,1,0
BRDA:51,1,0,0
BRDA:51,1,1,0
BRF:4
BRH:1
end_of_record
TN:
SF:src\components\ItemList.js
FN:5,(anonymous_0)
FN:9,(anonymous_1)
FN:25,(anonymous_2)
FN:40,(anonymous_3)
FNF:4
FNH:0
FNDA:0,(anonymous_0)
FNDA:0,(anonymous_1)
FNDA:0,(anonymous_2)
FNDA:0,(anonymous_3)
DA:5,2
DA:7,0
DA:9,0
DA:12,0
DA:21,0
DA:26,0
DA:40,0
LF:7
LH:1
BRDA:32,0,0,0
BRDA:32,0,1,0
BRF:2
BRH:0
end_of_record
TN:
SF:src\components\RestaurantCategory.js
FN:9,(anonymous_0)
FN:11,(anonymous_1)
FNF:2
FNH:0
FNDA:0,(anonymous_0)
FNDA:0,(anonymous_1)
DA:9,1
DA:11,0
DA:12,0
DA:15,0
LF:4
LH:1
BRDA:27,0,0,0
BRDA:27,0,1,0
BRF:2
BRH:0
end_of_record
TN:
SF:src\components\RestaurantMenu.js
FN:8,RestaurantMenu
FN:34,(anonymous_1)
FN:48,(anonymous_2)
FN:53,(anonymous_3)
FNF:4
FNH:1
FNDA:1,RestaurantMenu
FNDA:0,(anonymous_1)
FNDA:0,(anonymous_2)
FNDA:0,(anonymous_3)
DA:10,1
DA:11,1
DA:18,1
DA:20,1
DA:22,1
DA:24,1
DA:26,0
DA:27,0
DA:30,0
DA:31,0
DA:33,0
DA:34,0
DA:38,0
DA:41,0
DA:50,0
DA:53,0
LF:16
LH:6
BRDA:24,0,0,1
BRDA:24,0,1,0
BRDA:52,1,0,0
BRDA:52,1,1,0
BRF:4
BRH:1
end_of_record
TN:
SF:src\components\Shimmer.js
FN:3,(anonymous_0)
FNF:1
FNH:1
FNDA:1,(anonymous_0)
DA:3,2
DA:5,1
LF:2
LH:2
BRF:0
BRH:0
end_of_record
TN:
SF:src\utlis\Usercontext.js
FNF:0
FNH:0
DA:4,1
LF:1
LH:1
BRF:0
BRH:0
end_of_record
TN:
SF:src\utlis\appStore.js
FNF:0
FNH:0
DA:5,1
LF:1
LH:1
BRF:0
BRH:0
end_of_record
TN:
SF:src\utlis\cartSlice.js
FN:10,(anonymous_0)
FN:16,(anonymous_1)
FN:20,(anonymous_2)
FNF:3
FNH:0
FNDA:0,(anonymous_0)
FNDA:0,(anonymous_1)
FNDA:0,(anonymous_2)
DA:4,2
DA:12,0
DA:17,0
DA:21,0
DA:26,2
LF:5
LH:2
BRF:0
BRH:0
end_of_record
TN:
SF:src\utlis\contants.js
FNF:0
FNH:0
DA:1,4
DA:4,4
DA:8,4
LF:3
LH:3
BRF:0
BRH:0
end_of_record
TN:
SF:src\utlis\useOnlineStatus.js
FN:4,(anonymous_0)
FN:10,(anonymous_1)
FN:12,(anonymous_2)
FN:16,(anonymous_3)
FNF:4
FNH:2
FNDA:1,(anonymous_0)
FNDA:1,(anonymous_1)
FNDA:0,(anonymous_2)
FNDA:0,(anonymous_3)
DA:4,2
DA:7,1
DA:10,1
DA:12,1
DA:13,0
DA:16,1
DA:17,0
DA:24,1
LF:8
LH:6
BRF:0
BRH:0
end_of_record
TN:
SF:src\utlis\useRestrauntMenu.js
FN:5,(anonymous_0)
FN:10,(anonymous_1)
FN:14,(anonymous_2)
FNF:3
FNH:3
FNDA:1,(anonymous_0)
FNDA:1,(anonymous_1)
FNDA:1,(anonymous_2)
DA:5,1
DA:7,1
DA:10,1
DA:11,1
DA:14,1
DA:15,1
DA:16,1
DA:17,0
DA:22,1
LF:9
LH:8
BRF:0
BRH:0
end_of_record
